Added Component: Designator=J3(Dual socket header 8 pins)
Added Pin To Net: NetName=+3.3 Pin=J3-1
Added Pin To Net: NetName=+3.3 Pin=J3-2
Added Pin To Net: NetName=GND Pin=J3-8
Added Pin To Net: NetName=RD1 Pin=J3-3
Added Pin To Net: NetName=RD1 Pin=U201-49
Added Net: Name=RD1
Added Pin To Net: NetName=RD2 Pin=J3-5
Added Pin To Net: NetName=RD2 Pin=U201-50
Added Net: Name=RD2
Added Pin To Net: NetName=RD3 Pin=J3-7
Added Pin To Net: NetName=RD3 Pin=U201-51
Added Net: Name=RD3
Added Pin To Net: NetName=RD4 Pin=J3-4
Added Pin To Net: NetName=RD4 Pin=U201-52
Added Net: Name=RD4
Added Pin To Net: NetName=RD5 Pin=J3-6
Added Pin To Net: NetName=RD5 Pin=U201-53
Added Net: Name=RD5
Added Member To Class: ClassName=SmartGarden_PCB Member=Component J3 J_DualSocketHeader_8
Added Member To Class: ClassName=[3]Sensors Member=Component VR301 Trimmer_10k_THT
